#
# A fatal error has been detected by the Java Runtime Environment:
#
#  SIGSEGV (0xb) at pc=0x000000013a426457, pid=1980, tid=4363
#
# JRE version: Java(TM) SE Runtime Environment (8.0_65-b17) (build 1.8.0_65-b17)
# Java VM: Java HotSpot(TM) 64-Bit Server VM (25.65-b01 mixed mode bsd-amd64 compressed oops)
# Problematic frame:
# C  [libglib-lite.dylib+0x27457]  g_main_context_dispatch+0x61
#
# Failed to write core dump. Core dumps have been disabled. To enable core dumping, try "ulimit -c unlimited" before starting Java again
#
# If you would like to submit a bug report, please visit:
#   http://bugreport.java.com/bugreport/crash.jsp
#

---------------  T H R E A D  ---------------

Current thread is native thread

siginfo: si_signo: 11 (SIGSEGV), si_code: 1 (SEGV_MAPERR), si_addr: 0x0000000200000007

Registers:
RAX=0x00000001ffffffff, RBX=0x0000000112cea6d4, RCX=0x0000000000000000, RDX=0x000000013a4f7098
RSP=0x0000700003045d90, RBP=0x0000700003045e00, RSI=0x0000000000000000, RDI=0x00007f9827482c30
R8 =0x00007f9827437a80, R9 =0x0000000000000783, R10=0x0000000000000001, R11=0x0000000000000000
R12=0x00007f9827482c28, R13=0x00007f9827482c28, R14=0x00000000ffffffff, R15=0x000000013a4f7098
RIP=0x000000013a426457, EFLAGS=0x0000000000010202, ERR=0x0000000000000004
  TRAPNO=0x000000000000000e

Top of Stack: (sp=0x0000700003045d90)
0x0000700003045d90:   0000000000000000 0000000000000001
0x0000700003045da0:   0000000112ceaa3f 00007f9827482c30
0x0000700003045db0:   0000700003045e00 000000013a4261df
0x0000700003045dc0:   00000000000002ba 0000000000000016
0x0000700003045dd0:   000000307fffffff 0000000000000001
0x0000700003045de0:   00007f9827482c28 0000000000000000
0x0000700003045df0:   00000000ffffffff 000000013a4f7098
0x0000700003045e00:   0000700003045e60 000000013a426ca0
0x0000700003045e10:   00007f9827482c20 000000013a4f7098
0x0000700003045e20:   00007f9800000001 000000013a432564
0x0000700003045e30:   7fffffffffffffff 00007f9824ee0ec0
0x0000700003045e40:   000000000000110b 000000000601001f
0x0000700003045e50:   00007f9824ee0ecc 0000000112cea6d4
0x0000700003045e60:   0000700003045ea0 000000013a427129
0x0000700003045e70:   0000000000000000 00007f9824e4acc0
0x0000700003045e80:   000000000000110b 000000000601001f
0x0000700003045e90:   000000013a4f7098 000000013a4f6818
0x0000700003045ea0:   0000700003045ed0 000000013a6a8a11
0x0000700003045eb0:   0000000000000000 00007f9824f49170
0x0000700003045ec0:   0000000112ceaa3f 000000013a4469db
0x0000700003045ed0:   0000700003045ef0 000000013a446aad
0x0000700003045ee0:   0000700003046000 00007f9824f49170
0x0000700003045ef0:   0000700003045f10 0000000112cecc4f
0x0000700003045f00:   000000000000110b 0000700003046000
0x0000700003045f10:   0000700003045f50 0000000112cecb9f
0x0000700003045f20:   0000000000000000 0000000000000000
0x0000700003045f30:   0000000000000000 0000000000000000
0x0000700003045f40:   0000000000000000 0000000000000000
0x0000700003045f50:   0000700003045f78 0000000112cec3d5
0x0000700003045f60:   0000000000000000 0000000000000000
0x0000700003045f70:   0000000000000000 0000000000000000
0x0000700003045f80:   0000000000000000 0000000000000000 

Instructions: (pc=0x000000013a426457)
0x000000013a426437:   c4 bb fd ff 48 85 c0 74 06 49 8b 7d 00 eb 0b 4c
0x000000013a426447:   89 ef e8 00 fb 01 00 48 89 c7 ff d3 49 8b 45 70
0x000000013a426457:   83 78 08 00 0f 84 a7 02 00 00 e8 22 f4 ff ff 48
0x000000013a426467:   89 45 98 49 8b 7d 70 83 7f 08 00 0f 84 89 02 00 

Register to memory mapping:

RAX=0x00000001ffffffff is an unknown value
RBX=0x0000000112cea6d4: pthread_mutex_lock+0 in /usr/lib/system/libsystem_pthread.dylib at 0x0000000112ce9000
RCX=0x0000000000000000 is an unknown value
RDX=0x000000013a4f7098: g_threads_got_initialized+0 in /Library/Java/JavaVirtualMachines/jdk1.8.0_65.jdk/Contents/Home/jre/lib/libglib-lite.dylib at 0x000000013a3ff000
RSP=0x0000700003045d90 is an unknown value
RBP=0x0000700003045e00 is an unknown value
RSI=0x0000000000000000 is an unknown value
RDI=0x00007f9827482c30 is an unknown value
R8 =0x00007f9827437a80 is an unknown value
R9 =0x0000000000000783 is an unknown value
R10=0x0000000000000001 is an unknown value
R11=0x0000000000000000 is an unknown value
R12=0x00007f9827482c28 is an unknown value
R13=0x00007f9827482c28 is an unknown value
R14=0x00000000ffffffff is an unknown value
R15=0x000000013a4f7098: g_threads_got_initialized+0 in /Library/Java/JavaVirtualMachines/jdk1.8.0_65.jdk/Contents/Home/jre/lib/libglib-lite.dylib at 0x000000013a3ff000


Stack: [0x0000700002fc6000,0x0000700003046000],  sp=0x0000700003045d90,  free space=511k
Native frames: (J=compiled Java code, j=interpreted, Vv=VM code, C=native code)
C  [libglib-lite.dylib+0x27457]  g_main_context_dispatch+0x61
C  [libglib-lite.dylib+0x27ca0]  g_main_context_iterate+0x471
C  [libglib-lite.dylib+0x28129]  g_main_loop_run+0x222
C  [libjfxmedia.dylib+0x10a11]  CGstMediaManager::run_loop(CGstMediaManager*)+0x77
C  [libglib-lite.dylib+0x47aad]  g_thread_create_proxy+0xd2
C  [libsystem_pthread.dylib+0x3c4f]  _pthread_body+0xb0
C  [libsystem_pthread.dylib+0x3b9f]  _pthread_body+0x0
C  [libsystem_pthread.dylib+0x33d5]  thread_start+0xd


---------------  P R O C E S S  ---------------

VM state:not at safepoint (normal execution)

VM Mutex/Monitor currently owned by a thread: None

Heap:
 PSYoungGen      total 71680K, used 70110K [0x0000000795580000, 0x000000079a080000, 0x00000007c0000000)
  eden space 66560K, 97% used [0x0000000795580000,0x00000007994ff980,0x0000000799680000)
  from space 5120K, 99% used [0x0000000799b80000,0x000000079a078030,0x000000079a080000)
  to   space 5120K, 0% used [0x0000000799680000,0x0000000799680000,0x0000000799b80000)
 ParOldGen       total 87552K, used 7767K [0x0000000740000000, 0x0000000745580000, 0x0000000795580000)
  object space 87552K, 8% used [0x0000000740000000,0x0000000740795fd0,0x0000000745580000)
 Metaspace       used 15777K, capacity 16476K, committed 16640K, reserved 1062912K
  class space    used 2055K, capacity 2262K, committed 2304K, reserved 1048576K

Card table byte_map: [0x00000001191c0000,0x00000001195c1000] byte_map_base: 0x00000001157c0000

Marking Bits: (ParMarkBitMap*) 0x0000000117d1fe20
 Begin Bits: [0x000000012971f000, 0x000000012b71f000)
 End Bits:   [0x000000012b71f000, 0x000000012d71f000)

Polling page: 0x000000010c25b000

CodeCache: size=245760Kb used=7788Kb max_used=7799Kb free=237971Kb
 bounds [0x000000011a71f000, 0x000000011aecf000, 0x000000012971f000]
 total_blobs=3076 nmethods=2415 adapters=574
 compilation: enabled

Compilation events (10 events):
Event: 12.304 Thread 0x00007f9826805000 2409       3       java.lang.invoke.Invokers::checkCustomized (20 bytes)
Event: 12.304 Thread 0x00007f9826805000 nmethod 2409 0x000000011aeb9dd0 code [0x000000011aeb9f40, 0x000000011aeba1e8]
Event: 12.305 Thread 0x00007f9826805000 2410       3       java.lang.invoke.LambdaForm$DMH/666988784::invokeStatic_L6_L (24 bytes)
Event: 12.306 Thread 0x00007f9826805000 nmethod 2410 0x000000011aeba2d0 code [0x000000011aeba460, 0x000000011aebaa18]
Event: 12.353 Thread 0x00007f9826805000 2411       3       java.lang.invoke.MethodHandleNatives::linkCallSite (65 bytes)
Event: 12.354 Thread 0x00007f9826805000 nmethod 2411 0x000000011aebb990 code [0x000000011aebbb40, 0x000000011aebc128]
Event: 12.354 Thread 0x00007f9826805000 2413       3       java.lang.invoke.ConstantCallSite::<init> (11 bytes)
Event: 12.354 Thread 0x00007f9826805000 nmethod 2413 0x000000011aebc350 code [0x000000011aebc4c0, 0x000000011aebc790]
Event: 12.354 Thread 0x00007f9826805000 2412       3       java.lang.invoke.MethodHandleNatives::linkCallSiteImpl (44 bytes)
Event: 12.354 Thread 0x00007f9826805000 nmethod 2412 0x000000011aebc8d0 code [0x000000011aebcaa0, 0x000000011aebd1f8]

GC Heap History (8 events):
Event: 3.258 GC heap before
{Heap before GC invocations=1 (full 0):
 PSYoungGen      total 38400K, used 33280K [0x0000000795580000, 0x0000000798000000, 0x00000007c0000000)
  eden space 33280K, 100% used [0x0000000795580000,0x0000000797600000,0x0000000797600000)
  from space 5120K, 0% used [0x0000000797b00000,0x0000000797b00000,0x0000000798000000)
  to   space 5120K, 0% used [0x0000000797600000,0x0000000797600000,0x0000000797b00000)
 ParOldGen       total 87552K, used 0K [0x0000000740000000, 0x0000000745580000, 0x0000000795580000)
  object space 87552K, 0% used [0x0000000740000000,0x0000000740000000,0x0000000745580000)
 Metaspace       used 12954K, capacity 13578K, committed 13824K, reserved 1060864K
  class space    used 1803K, capacity 2003K, committed 2048K, reserved 1048576K
Event: 3.267 GC heap after
Heap after GC invocations=1 (full 0):
 PSYoungGen      total 38400K, used 5088K [0x0000000795580000, 0x0000000798000000, 0x00000007c0000000)
  eden space 33280K, 0% used [0x0000000795580000,0x0000000795580000,0x0000000797600000)
  from space 5120K, 99% used [0x0000000797600000,0x0000000797af8050,0x0000000797b00000)
  to   space 5120K, 0% used [0x0000000797b00000,0x0000000797b00000,0x0000000798000000)
 ParOldGen       total 87552K, used 3767K [0x0000000740000000, 0x0000000745580000, 0x0000000795580000)
  object space 87552K, 4% used [0x0000000740000000,0x00000007403adc80,0x0000000745580000)
 Metaspace       used 12954K, capacity 13578K, committed 13824K, reserved 1060864K
  class space    used 1803K, capacity 2003K, committed 2048K, reserved 1048576K
}
Event: 3.516 GC heap before
{Heap before GC invocations=2 (full 0):
 PSYoungGen      total 38400K, used 38368K [0x0000000795580000, 0x0000000798000000, 0x00000007c0000000)
  eden space 33280K, 100% used [0x0000000795580000,0x0000000797600000,0x0000000797600000)
  from space 5120K, 99% used [0x0000000797600000,0x0000000797af8050,0x0000000797b00000)
  to   space 5120K, 0% used [0x0000000797b00000,0x0000000797b00000,0x0000000798000000)
 ParOldGen       total 87552K, used 3767K [0x0000000740000000, 0x0000000745580000, 0x0000000795580000)
  object space 87552K, 4% used [0x0000000740000000,0x00000007403adc80,0x0000000745580000)
 Metaspace       used 13739K, capacity 14444K, committed 14720K, reserved 1062912K
  class space    used 1892K, capacity 2126K, committed 2176K, reserved 1048576K
Event: 3.525 GC heap after
Heap after GC invocations=2 (full 0):
 PSYoungGen      total 38400K, used 5088K [0x0000000795580000, 0x000000079a080000, 0x00000007c0000000)
  eden space 33280K, 0% used [0x0000000795580000,0x0000000795580000,0x0000000797600000)
  from space 5120K, 99% used [0x0000000797b00000,0x0000000797ff8030,0x0000000798000000)
  to   space 5120K, 0% used [0x0000000797600000,0x0000000797600000,0x0000000797b00000)
 ParOldGen       total 87552K, used 6642K [0x0000000740000000, 0x0000000745580000, 0x0000000795580000)
  object space 87552K, 7% used [0x0000000740000000,0x000000074067cb60,0x0000000745580000)
 Metaspace       used 13739K, capacity 14444K, committed 14720K, reserved 1062912K
  class space    used 1892K, capacity 2126K, committed 2176K, reserved 1048576K
}
Event: 3.994 GC heap before
{Heap before GC invocations=3 (full 0):
 PSYoungGen      total 38400K, used 38368K [0x0000000795580000, 0x000000079a080000, 0x00000007c0000000)
  eden space 33280K, 100% used [0x0000000795580000,0x0000000797600000,0x0000000797600000)
  from space 5120K, 99% used [0x0000000797b00000,0x0000000797ff8030,0x0000000798000000)
  to   space 5120K, 0% used [0x0000000797600000,0x0000000797600000,0x0000000797b00000)
 ParOldGen       total 87552K, used 6642K [0x0000000740000000, 0x0000000745580000, 0x0000000795580000)
  object space 87552K, 7% used [0x0000000740000000,0x000000074067cb60,0x0000000745580000)
 Metaspace       used 13864K, capacity 14514K, committed 14720K, reserved 1062912K
  class space    used 1894K, capacity 2127K, committed 2176K, reserved 1048576K
Event: 3.999 GC heap after
Heap after GC invocations=3 (full 0):
 PSYoungGen      total 38400K, used 5106K [0x0000000795580000, 0x000000079a080000, 0x00000007c0000000)
  eden space 33280K, 0% used [0x0000000795580000,0x0000000795580000,0x0000000797600000)
  from space 5120K, 99% used [0x0000000797600000,0x0000000797afcab0,0x0000000797b00000)
  to   space 5120K, 0% used [0x0000000799b80000,0x0000000799b80000,0x000000079a080000)
 ParOldGen       total 87552K, used 6682K [0x0000000740000000, 0x0000000745580000, 0x0000000795580000)
  object space 87552K, 7% used [0x0000000740000000,0x0000000740686b60,0x0000000745580000)
 Metaspace       used 13864K, capacity 14514K, committed 14720K, reserved 1062912K
  class space    used 1894K, capacity 2127K, committed 2176K, reserved 1048576K
}
Event: 6.081 GC heap before
{Heap before GC invocations=4 (full 0):
 PSYoungGen      total 38400K, used 38386K [0x0000000795580000, 0x000000079a080000, 0x00000007c0000000)
  eden space 33280K, 100% used [0x0000000795580000,0x0000000797600000,0x0000000797600000)
  from space 5120K, 99% used [0x0000000797600000,0x0000000797afcab0,0x0000000797b00000)
  to   space 5120K, 0% used [0x0000000799b80000,0x0000000799b80000,0x000000079a080000)
 ParOldGen       total 87552K, used 6682K [0x0000000740000000, 0x0000000745580000, 0x0000000795580000)
  object space 87552K, 7% used [0x0000000740000000,0x0000000740686b60,0x0000000745580000)
 Metaspace       used 14176K, capacity 14834K, committed 14976K, reserved 1062912K
  class space    used 1895K, capacity 2127K, committed 2176K, reserved 1048576K
Event: 6.089 GC heap after
Heap after GC invocations=4 (full 0):
 PSYoungGen      total 71680K, used 5088K [0x0000000795580000, 0x000000079a080000, 0x00000007c0000000)
  eden space 66560K, 0% used [0x0000000795580000,0x0000000795580000,0x0000000799680000)
  from space 5120K, 99% used [0x0000000799b80000,0x000000079a078030,0x000000079a080000)
  to   space 5120K, 0% used [0x0000000799680000,0x0000000799680000,0x0000000799b80000)
 ParOldGen       total 87552K, used 7767K [0x0000000740000000, 0x0000000745580000, 0x0000000795580000)
  object space 87552K, 8% used [0x0000000740000000,0x0000000740795fd0,0x0000000745580000)
 Metaspace       used 14176K, capacity 14834K, committed 14976K, reserved 1062912K
  class space    used 1895K, capacity 2127K, committed 2176K, reserved 1048576K
}

Deoptimization events (10 events):
Event: 10.242 Thread 0x00007f98260d5800 Uncommon trap: reason=class_check action=maybe_recompile pc=0x000000011ac0b300 method=com.sun.prism.impl.ps.BaseShaderContext.checkState(Lcom/sun/prism/impl/ps/BaseShaderGraphics;ILcom/sun/javafx/geom/transform/BaseTransform;Lcom/sun/prism/ps/Shader;)V @ 
Event: 11.759 Thread 0x00007f982589f000 Uncommon trap: reason=bimorphic action=maybe_recompile pc=0x000000011ad3f320 method=Game.detectCollisions()V @ 65
Event: 11.775 Thread 0x00007f982589f000 Uncommon trap: reason=unstable_if action=reinterpret pc=0x000000011ae60be4 method=Game.updateElements(D)V @ 42
Event: 11.909 Thread 0x00007f982589f000 Uncommon trap: reason=bimorphic action=maybe_recompile pc=0x000000011ad3f320 method=Game.detectCollisions()V @ 65
Event: 12.267 Thread 0x00007f982589f000 Uncommon trap: reason=unstable_if action=reinterpret pc=0x000000011ad84d34 method=java.lang.ThreadLocal$ThreadLocalMap.getEntry(Ljava/lang/ThreadLocal;)Ljava/lang/ThreadLocal$ThreadLocalMap$Entry; @ 21
Event: 12.273 Thread 0x00007f982589f000 Uncommon trap: reason=unstable_if action=reinterpret pc=0x000000011ad99eb8 method=java.io.BufferedInputStream.read1([BII)I @ 22
Event: 12.274 Thread 0x00007f982589f000 Uncommon trap: reason=unstable_if action=reinterpret pc=0x000000011ad91430 method=java.io.BufferedInputStream.read1([BII)I @ 22
Event: 12.275 Thread 0x00007f982589f000 Uncommon trap: reason=unstable_if action=reinterpret pc=0x000000011a984f74 method=java.lang.AbstractStringBuilder.append(Ljava/lang/String;)Ljava/lang/AbstractStringBuilder; @ 1
Event: 12.275 Thread 0x00007f982589f000 Uncommon trap: reason=unstable_if action=reinterpret pc=0x000000011a9198a8 method=java.lang.AbstractStringBuilder.append(Ljava/lang/String;)Ljava/lang/AbstractStringBuilder; @ 1
Event: 12.345 Thread 0x00007f982522c800 Uncommon trap: reason=unstable_if action=reinterpret pc=0x000000011ae6cb7c method=java.lang.ThreadLocal.get()Ljava/lang/Object; @ 11

Internal exceptions (10 events):
Event: 0.207 Thread 0x00007f982580c000 Exception <a 'java/lang/NullPointerException'> (0x00000007958e5bd0) thrown at [/Users/java_re/workspace/8-2-build-macosx-x86_64/jdk8u65/4987/hotspot/src/share/vm/interpreter/linkResolver.cpp, line 1178]
Event: 1.076 Thread 0x00007f982589f000 Exception <a 'java/lang/NullPointerException'> (0x00000007961f4a88) thrown at [/Users/java_re/workspace/8-2-build-macosx-x86_64/jdk8u65/4987/hotspot/src/share/vm/interpreter/linkResolver.cpp, line 1178]
Event: 1.076 Thread 0x00007f982589f000 Exception <a 'java/lang/NullPointerException'> (0x00000007961f4a88) thrown at [/Users/java_re/workspace/8-2-build-macosx-x86_64/jdk8u65/4987/hotspot/src/share/vm/prims/jvm.cpp, line 1390]
Event: 1.607 Thread 0x00007f982589f000 Implicit null exception at 0x000000011a945335 to 0x000000011a94552d
Event: 4.004 Thread 0x00007f98260d5800 Implicit null exception at 0x000000011ac0eb95 to 0x000000011ac0ebd5
Event: 4.004 Thread 0x00007f98260d5800 Implicit null exception at 0x000000011ac19d6c to 0x000000011ac19db5
Event: 12.267 Thread 0x00007f982589f000 Implicit null exception at 0x000000011ad84c7c to 0x000000011ad84d19
Event: 12.275 Thread 0x00007f982589f000 Implicit null exception at 0x000000011a984bf5 to 0x000000011a984f61
Event: 12.275 Thread 0x00007f982589f000 Implicit null exception at 0x000000011a919535 to 0x000000011a919895
Event: 12.345 Thread 0x00007f982522c800 Implicit null exception at 0x000000011ae6c589 to 0x000000011ae6cb61

Events (10 events):
Event: 12.353 loading class javafx/scene/media/Media$_MetadataListener done
Event: 12.353 Executing VM operation: RevokeBias
Event: 12.353 Executing VM operation: RevokeBias done
Event: 12.354 Thread 0x00007f982522c800 Thread exited: 0x00007f982522c800
Event: 12.368 loading class com/sun/media/jfxmedia/MediaError
Event: 12.368 loading class com/sun/media/jfxmedia/MediaError done
Event: 12.368 Thread 0x00007f98268d6000 Thread added: 0x00007f98268d6000
Event: 12.368 Thread 0x00007f98268d6000 Thread exited: 0x00007f98268d6000
Event: 12.368 Thread 0x00007f98268d6000 Thread added: 0x00007f98268d6000
Event: 12.368 Thread 0x00007f98268d6000 Thread exited: 0x00007f98268d6000


Dynamic libraries:
0x000000010c25c000 	/System/Library/Frameworks/Cocoa.framework/Versions/A/Cocoa
0x000000010c260000 	/System/Library/Frameworks/Security.framework/Versions/A/Security
0x000000010c717000 	/System/Library/Frameworks/ApplicationServices.framework/Versions/A/ApplicationServices
0x000000010c71d000 	/usr/lib/libz.1.dylib
0x000000010c736000 	/usr/lib/libSystem.B.dylib
0x000000010c744000 	/usr/lib/libobjc.A.dylib
0x000000010cbf3000 	/System/Library/Frameworks/CoreFoundation.framework/Versions/A/CoreFoundation
0x000000010d329000 	/System/Library/Frameworks/Foundation.framework/Versions/C/Foundation
0x000000010d9bb000 	/System/Library/Frameworks/AppKit.framework/Versions/C/AppKit
0x000000010eff2000 	/System/Library/Frameworks/CoreData.framework/Versions/A/CoreData
0x000000010f445000 	/System/Library/PrivateFrameworks/RemoteViewServices.framework/Versions/A/RemoteViewServices
0x000000010f496000 	/System/Library/PrivateFrameworks/UIFoundation.framework/Versions/A/UIFoundation
0x000000010f6f1000 	/usr/lib/libenergytrace.dylib
0x000000010f6fa000 	/System/Library/PrivateFrameworks/SkyLight.framework/Versions/A/SkyLight
0x000000010fa11000 	/System/Library/Frameworks/CoreGraphics.framework/Versions/A/CoreGraphics
0x0000000110197000 	/usr/lib/libScreenReader.dylib
0x00000001101a3000 	/System/Library/Frameworks/Accelerate.framework/Versions/A/Accelerate
0x00000001101ad000 	/System/Library/Frameworks/IOSurface.framework/Versions/A/IOSurface
0x00000001101c2000 	/System/Library/Frameworks/AudioToolbox.framework/Versions/A/AudioToolbox
0x00000001104e4000 	/System/Library/Frameworks/AudioUnit.framework/Versions/A/AudioUnit
0x00000001104f1000 	/System/Library/PrivateFrameworks/DataDetectorsCore.framework/Versions/A/DataDetectorsCore
0x00000001105a1000 	/System/Library/PrivateFrameworks/DesktopServicesPriv.framework/Versions/A/DesktopServicesPriv
0x000000011074c000 	/System/Library/Frameworks/Carbon.framework/Versions/A/Frameworks/HIToolbox.framework/Versions/A/HIToolbox
0x0000000110bde000 	/usr/lib/libicucore.A.dylib
0x0000000110ed4000 	/System/Library/Frameworks/QuartzCore.framework/Versions/A/QuartzCore
0x00000001111c1000 	/System/Library/Frameworks/Carbon.framework/Versions/A/Frameworks/SpeechRecognition.framework/Versions/A/SpeechRecognition
0x00000001111d1000 	/usr/lib/libauto.dylib
0x000000000e92e000 	/usr/lib/libxml2.2.dylib
0x00000001111dc000 	/System/Library/PrivateFrameworks/CoreUI.framework/Versions/A/CoreUI
0x00000001114e0000 	/System/Library/Frameworks/CoreAudio.framework/Versions/A/CoreAudio
0x000000011159b000 	/System/Library/Frameworks/DiskArbitration.framework/Versions/A/DiskArbitration
0x00000001115b0000 	/usr/lib/liblangid.dylib
0x00000001115ba000 	/System/Library/PrivateFrameworks/MultitouchSupport.framework/Versions/A/MultitouchSupport
0x00000001115f3000 	/System/Library/Frameworks/IOKit.framework/Versions/A/IOKit
0x00000001116cb000 	/usr/lib/libDiagnosticMessagesClient.dylib
0x00000001116d9000 	/System/Library/Frameworks/CoreServices.framework/Versions/A/CoreServices
0x00000001116e0000 	/System/Library/PrivateFrameworks/PerformanceAnalysis.framework/Versions/A/PerformanceAnalysis
0x000000011176e000 	/System/Library/PrivateFrameworks/GenerationalStorage.framework/Versions/A/GenerationalStorage
0x00000001117a5000 	/System/Library/Frameworks/OpenGL.framework/Versions/A/OpenGL
0x00000001117c3000 	/System/Library/Frameworks/CoreImage.framework/Versions/A/CoreImage
0x0000000111b69000 	/System/Library/Frameworks/CoreText.framework/Versions/A/CoreText
0x0000000111d79000 	/System/Library/Frameworks/ImageIO.framework/Versions/A/ImageIO
0x0000000111fcd000 	/System/Library/PrivateFrameworks/Backup.framework/Versions/A/Backup
0x00000001120d4000 	/usr/lib/libarchive.2.dylib
0x000000011210f000 	/System/Library/Frameworks/CFNetwork.framework/Versions/A/CFNetwork
0x0000000112679000 	/System/Library/Frameworks/SystemConfiguration.framework/Versions/A/SystemConfiguration
0x0000000112724000 	/usr/lib/libCRFSuite.dylib
0x000000011274f000 	/usr/lib/libc++.1.dylib
0x0000000112807000 	/usr/lib/libc++abi.dylib
0x0000000112848000 	/usr/lib/system/libcache.dylib
0x0000000112853000 	/usr/lib/system/libcommonCrypto.dylib
0x000000011286e000 	/usr/lib/system/libcompiler_rt.dylib
0x0000000112884000 	/usr/lib/system/libcopyfile.dylib
0x0000000112893000 	/usr/lib/system/libcorecrypto.dylib
0x0000000112935000 	/usr/lib/system/libdispatch.dylib
0x00000001129a5000 	/usr/lib/system/libdyld.dylib
0x00000001129b4000 	/usr/lib/system/libkeymgr.dylib
0x00000001129ba000 	/usr/lib/system/liblaunch.dylib
0x00000001129c4000 	/usr/lib/system/libmacho.dylib
0x00000001129d3000 	/usr/lib/system/libquarantine.dylib
0x00000001129df000 	/usr/lib/system/libremovefile.dylib
0x00000001129e6000 	/usr/lib/system/libsystem_asl.dylib
0x0000000112a10000 	/usr/lib/system/libsystem_blocks.dylib
0x0000000112a1a000 	/usr/lib/system/libsystem_c.dylib
0x0000000112ad5000 	/usr/lib/system/libsystem_configuration.dylib
0x0000000112ae4000 	/usr/lib/system/libsystem_coreservices.dylib
0x0000000112af3000 	/usr/lib/system/libsystem_coretls.dylib
0x0000000112b1b000 	/usr/lib/system/libsystem_dnssd.dylib
0x0000000112b27000 	/usr/lib/system/libsystem_info.dylib
0x0000000112b68000 	/usr/lib/system/libsystem_kernel.dylib
0x0000000112ba2000 	/usr/lib/system/libsystem_m.dylib
0x0000000112bf6000 	/usr/lib/system/libsystem_malloc.dylib
0x0000000112c23000 	/usr/lib/system/libsystem_network.dylib
0x0000000112ca2000 	/usr/lib/system/libsystem_networkextension.dylib
0x0000000112cbc000 	/usr/lib/system/libsystem_notify.dylib
0x0000000112cd2000 	/usr/lib/system/libsystem_platform.dylib
0x0000000112ce9000 	/usr/lib/system/libsystem_pthread.dylib
0x0000000112d03000 	/usr/lib/system/libsystem_sandbox.dylib
0x0000000112d12000 	/usr/lib/system/libsystem_secinit.dylib
0x0000000112d19000 	/usr/lib/system/libsystem_symptoms.dylib
0x0000000112d28000 	/usr/lib/system/libsystem_trace.dylib
0x0000000112d5f000 	/usr/lib/system/libunwind.dylib
0x0000000112d73000 	/usr/lib/system/libxpc.dylib
0x0000000112dbf000 	/usr/lib/libbsm.0.dylib
0x0000000112dd9000 	/usr/lib/system/libkxld.dylib
0x0000000112df0000 	/usr/lib/libcoretls.dylib
0x0000000112dfa000 	/usr/lib/libcoretls_cfhelpers.dylib
0x0000000112e07000 	/usr/lib/libxar.1.dylib
0x000000000e92e000 	/usr/lib/libsqlite3.dylib
0x0000000112e23000 	/usr/lib/libpam.2.dylib
0x0000000112e2d000 	/usr/lib/libOpenScriptingUtil.dylib
0x0000000112e33000 	/usr/lib/libbz2.1.0.dylib
0x0000000112e4c000 	/usr/lib/liblzma.5.dylib
0x0000000112e6f000 	/usr/lib/libnetwork.dylib
0x0000000112f24000 	/usr/lib/libpcap.A.dylib
0x0000000112f68000 	/System/Library/Frameworks/CoreServices.framework/Versions/A/Frameworks/FSEvents.framework/Versions/A/FSEvents
0x0000000112f78000 	/System/Library/Frameworks/CoreServices.framework/Versions/A/Frameworks/CarbonCore.framework/Versions/A/CarbonCore
0x0000000112ace000 	/System/Library/Frameworks/CoreServices.framework/Versions/A/Frameworks/Metadata.framework/Versions/A/Metadata
0x00000001133f9000 	/System/Library/Frameworks/CoreServices.framework/Versions/A/Frameworks/OSServices.framework/Versions/A/OSServices
0x00000001134a6000 	/System/Library/Frameworks/CoreServices.framework/Versions/A/Frameworks/SearchKit.framework/Versions/A/SearchKit
0x0000000113560000 	/System/Library/Frameworks/CoreServices.framework/Versions/A/Frameworks/AE.framework/Versions/A/AE
0x00000001135e7000 	/System/Library/Frameworks/CoreServices.framework/Versions/A/Frameworks/LaunchServices.framework/Versions/A/LaunchServices
0x0000000113846000 	/System/Library/Frameworks/CoreServices.framework/Versions/A/Frameworks/DictionaryServices.framework/Versions/A/DictionaryServices
0x00000001138a8000 	/System/Library/Frameworks/CoreServices.framework/Versions/A/Frameworks/SharedFileList.framework/Versions/A/SharedFileList
0x0000000113928000 	/System/Library/Frameworks/NetFS.framework/Versions/A/NetFS
0x000000011393d000 	/System/Library/PrivateFrameworks/NetAuth.framework/Versions/A/NetAuth
0x0000000113954000 	/System/Library/PrivateFrameworks/login.framework/Versions/A/Frameworks/loginsupport.framework/Versions/A/loginsupport
0x000000011395c000 	/System/Library/PrivateFrameworks/TCC.framework/Versions/A/TCC
0x0000000113970000 	/usr/lib/libmecabra.dylib
0x0000000113c7d000 	/System/Library/Frameworks/ApplicationServices.framework/Versions/A/Frameworks/ATS.framework/Versions/A/ATS
0x0000000113d19000 	/System/Library/Frameworks/ApplicationServices.framework/Versions/A/Frameworks/ColorSync.framework/Versions/A/ColorSync
0x0000000113e17000 	/System/Library/Frameworks/ApplicationServices.framework/Versions/A/Frameworks/HIServices.framework/Versions/A/HIServices
0x0000000113ea1000 	/System/Library/Frameworks/ApplicationServices.framework/Versions/A/Frameworks/LangAnalysis.framework/Versions/A/LangAnalysis
0x0000000113ec2000 	/System/Library/Frameworks/ApplicationServices.framework/Versions/A/Frameworks/PrintCore.framework/Versions/A/PrintCore
0x0000000113f40000 	/System/Library/Frameworks/ApplicationServices.framework/Versions/A/Frameworks/QD.framework/Versions/A/QD
0x0000000113fa3000 	/System/Library/Frameworks/ApplicationServices.framework/Versions/A/Frameworks/SpeechSynthesis.framework/Versions/A/SpeechSynthesis
0x0000000113fc2000 	/System/Library/Frameworks/Accelerate.framework/Versions/A/Frameworks/vImage.framework/Versions/A/vImage
0x0000000114542000 	/System/Library/Frameworks/Accelerate.framework/Versions/A/Frameworks/vecLib.framework/Versions/A/vecLib
0x000000011454c000 	/System/Library/Frameworks/Accelerate.framework/Versions/A/Frameworks/vecLib.framework/Versions/A/libvDSP.dylib
0x00000001146e9000 	/System/Library/Frameworks/Accelerate.framework/Versions/A/Frameworks/vecLib.framework/Versions/A/libBNNS.dylib
0x0000000114706000 	/System/Library/Frameworks/Accelerate.framework/Versions/A/Frameworks/vecLib.framework/Versions/A/libQuadrature.dylib
0x0000000114711000 	/System/Library/Frameworks/Accelerate.framework/Versions/A/Frameworks/vecLib.framework/Versions/A/libvMisc.dylib
0x00000001147d7000 	/System/Library/Frameworks/Accelerate.framework/Versions/A/Frameworks/vecLib.framework/Versions/A/libLAPACK.dylib
0x0000000114c34000 	/System/Library/Frameworks/Accelerate.framework/Versions/A/Frameworks/vecLib.framework/Versions/A/libBLAS.dylib
0x0000000114dc8000 	/System/Library/Frameworks/Accelerate.framework/Versions/A/Frameworks/vecLib.framework/Versions/A/libLinearAlgebra.dylib
0x0000000114de8000 	/System/Library/Frameworks/Accelerate.framework/Versions/A/Frameworks/vecLib.framework/Versions/A/libSparseBLAS.dylib
0x0000000114e06000 	/System/Library/Frameworks/ApplicationServices.framework/Versions/A/Frameworks/ATS.framework/Versions/A/Resources/libFontParser.dylib
0x0000000114fbc000 	/System/Library/Frameworks/ApplicationServices.framework/Versions/A/Frameworks/ATS.framework/Versions/A/Resources/libFontRegistry.dylib
0x000000011503c000 	/System/Library/Frameworks/ImageIO.framework/Versions/A/Resources/libJPEG.dylib
0x000000011506f000 	/System/Library/Frameworks/ImageIO.framework/Versions/A/Resources/libTIFF.dylib
0x00000001150db000 	/System/Library/Frameworks/ImageIO.framework/Versions/A/Resources/libPng.dylib
0x0000000115110000 	/System/Library/Frameworks/ImageIO.framework/Versions/A/Resources/libGIF.dylib
0x000000011511f000 	/System/Library/Frameworks/ImageIO.framework/Versions/A/Resources/libJP2.dylib
0x000000011523b000 	/System/Library/Frameworks/ImageIO.framework/Versions/A/Resources/libRadiance.dylib
0x0000000115247000 	/usr/lib/libcompression.dylib
0x0000000115263000 	/System/Library/PrivateFrameworks/AppleJPEG.framework/Versions/A/AppleJPEG
0x0000000115352000 	/usr/lib/libcups.2.dylib
0x00000001153c3000 	/System/Library/Frameworks/Kerberos.framework/Versions/A/Kerberos
0x00000001153fd000 	/System/Library/Frameworks/GSS.framework/Versions/A/GSS
0x0000000115453000 	/usr/lib/libresolv.9.dylib
0x0000000115480000 	/usr/lib/libiconv.2.dylib
0x0000000115584000 	/System/Library/PrivateFrameworks/Heimdal.framework/Versions/A/Heimdal
0x000000011562d000 	/usr/lib/libheimdal-asn1.dylib
0x000000011563a000 	/System/Library/Frameworks/OpenDirectory.framework/Versions/A/OpenDirectory
0x000000011565c000 	/System/Library/PrivateFrameworks/CommonAuth.framework/Versions/A/CommonAuth
0x000000011566e000 	/System/Library/Frameworks/OpenDirectory.framework/Versions/A/Frameworks/CFOpenDirectory.framework/Versions/A/CFOpenDirectory
0x00000001156a9000 	/System/Library/Frameworks/SecurityFoundation.framework/Versions/A/SecurityFoundation
0x0000000115764000 	/System/Library/PrivateFrameworks/LanguageModeling.framework/Versions/A/LanguageModeling
0x0000000115949000 	/usr/lib/libmarisa.dylib
0x0000000115972000 	/usr/lib/libChineseTokenizer.dylib
0x000000011598e000 	/usr/lib/libcmph.dylib
0x00000001159ae000 	/System/Library/Frameworks/ServiceManagement.framework/Versions/A/ServiceManagement
0x00000001159bd000 	/usr/lib/libxslt.1.dylib
0x00000001159f6000 	/System/Library/Frameworks/Carbon.framework/Versions/A/Frameworks/Ink.framework/Versions/A/Ink
0x0000000115ac4000 	/System/Library/PrivateFrameworks/TextureIO.framework/Versions/A/TextureIO
0x0000000115c59000 	/System/Library/Frameworks/Metal.framework/Versions/A/Metal
0x0000000115d56000 	/usr/lib/libate.dylib
0x0000000115dd9000 	/System/Library/PrivateFrameworks/GPUCompiler.framework/libmetal_timestamp.dylib
0x0000000115ddf000 	/System/Library/Frameworks/OpenGL.framework/Versions/A/Libraries/libCoreFSCache.dylib
0x0000000115ded000 	/System/Library/PrivateFrameworks/IOAccelerator.framework/Versions/A/IOAccelerator
0x0000000115e00000 	/System/Library/Frameworks/CoreVideo.framework/Versions/A/CoreVideo
0x0000000115e5d000 	/usr/lib/libFosl_dynamic.dylib
0x00000001160aa000 	/System/Library/PrivateFrameworks/MetalPerformanceShaders.framework/Versions/A/MetalPerformanceShaders
0x000000011616d000 	/System/Library/PrivateFrameworks/FaceCore.framework/Versions/A/FaceCore
0x00000001167be000 	/System/Library/Frameworks/OpenCL.framework/Versions/A/OpenCL
0x0000000116828000 	/System/Library/Frameworks/OpenGL.framework/Versions/A/Libraries/libGLU.dylib
0x000000011687f000 	/System/Library/Frameworks/OpenGL.framework/Versions/A/Libraries/libGFXShared.dylib
0x0000000116890000 	/System/Library/Frameworks/OpenGL.framework/Versions/A/Libraries/libGL.dylib
0x00000001168b1000 	/System/Library/Frameworks/OpenGL.framework/Versions/A/Libraries/libGLImage.dylib
0x00000001168fa000 	/System/Library/Frameworks/OpenGL.framework/Versions/A/Libraries/libCVMSPluginSupport.dylib
0x0000000116904000 	/System/Library/Frameworks/OpenGL.framework/Versions/A/Libraries/libCoreVMClient.dylib
0x000000011690e000 	/System/Library/PrivateFrameworks/CrashReporterSupport.framework/Versions/A/CrashReporterSupport
0x000000011692e000 	/System/Library/PrivateFrameworks/Sharing.framework/Versions/A/Sharing
0x0000000116a20000 	/System/Library/PrivateFrameworks/IconServices.framework/Versions/A/IconServices
0x0000000116a66000 	/System/Library/PrivateFrameworks/ProtocolBuffer.framework/Versions/A/ProtocolBuffer
0x0000000116aa0000 	/System/Library/PrivateFrameworks/Apple80211.framework/Versions/A/Apple80211
0x0000000116ad2000 	/System/Library/Frameworks/CoreWLAN.framework/Versions/A/CoreWLAN
0x0000000116b8f000 	/System/Library/PrivateFrameworks/CoreUtils.framework/Versions/A/CoreUtils
0x0000000116c74000 	/System/Library/Frameworks/IOBluetooth.framework/Versions/A/IOBluetooth
0x0000000116d97000 	/System/Library/PrivateFrameworks/CoreWiFi.framework/Versions/A/CoreWiFi
0x0000000116e63000 	/System/Library/Frameworks/CoreBluetooth.framework/Versions/A/CoreBluetooth
0x0000000116e8d000 	/System/Library/Frameworks/CoreDisplay.framework/Versions/A/CoreDisplay
0x0000000116f4e000 	/System/Library/PrivateFrameworks/IOPresentment.framework/Versions/A/IOPresentment
0x0000000116f7a000 	/System/Library/PrivateFrameworks/DebugSymbols.framework/Versions/A/DebugSymbols
0x0000000116fdb000 	/System/Library/PrivateFrameworks/CoreSymbolication.framework/Versions/A/CoreSymbolication
0x00000001170b6000 	/System/Library/PrivateFrameworks/Symbolication.framework/Versions/A/Symbolication
0x000000011716e000 	/System/Library/PrivateFrameworks/AppleFSCompression.framework/Versions/A/AppleFSCompression
0x000000011718e000 	/System/Library/PrivateFrameworks/SpeechRecognitionCore.framework/Versions/A/SpeechRecognitionCore
0x00000001171ab000 	/System/Library/PrivateFrameworks/ChunkingLibrary.framework/Versions/A/ChunkingLibrary
0x0000000117441000 	/Library/Java/JavaVirtualMachines/jdk1.8.0_65.jdk/Contents/Home/jre/lib/server/libjvm.dylib
0x00000001183ca000 	/usr/lib/libstdc++.6.dylib
0x0000000118483000 	/Library/Java/JavaVirtualMachines/jdk1.8.0_65.jdk/Contents/Home/jre/lib/libverify.dylib
0x0000000118491000 	/Library/Java/JavaVirtualMachines/jdk1.8.0_65.jdk/Contents/Home/jre/lib/libjava.dylib
0x00000001184ce000 	/Library/Java/JavaVirtualMachines/jdk1.8.0_65.jdk/Contents/Home/jre/lib/libzip.dylib
0x00000001185e6000 	/System/Library/Frameworks/JavaVM.framework/Frameworks/JavaRuntimeSupport.framework/JavaRuntimeSupport
0x000000012e63f000 	/System/Library/Frameworks/JavaVM.framework/Versions/A/Frameworks/JavaNativeFoundation.framework/Versions/A/JavaNativeFoundation
0x000000012e654000 	/System/Library/Frameworks/JavaVM.framework/Versions/A/JavaVM
0x000000010c73d000 	/System/Library/Frameworks/Carbon.framework/Versions/A/Carbon
0x000000012e661000 	/System/Library/PrivateFrameworks/JavaLaunching.framework/Versions/A/JavaLaunching
0x000000012e66d000 	/System/Library/Frameworks/Carbon.framework/Versions/A/Frameworks/CommonPanels.framework/Versions/A/CommonPanels
0x000000012e678000 	/System/Library/Frameworks/Carbon.framework/Versions/A/Frameworks/Help.framework/Versions/A/Help
0x000000012e681000 	/System/Library/Frameworks/Carbon.framework/Versions/A/Frameworks/ImageCapture.framework/Versions/A/ImageCapture
0x000000012e696000 	/System/Library/Frameworks/Carbon.framework/Versions/A/Frameworks/OpenScripting.framework/Versions/A/OpenScripting
0x00000000a8eb4000 	/System/Library/Frameworks/Carbon.framework/Versions/A/Frameworks/Print.framework/Versions/A/Print
0x000000012e6c5000 	/System/Library/Frameworks/Carbon.framework/Versions/A/Frameworks/SecurityHI.framework/Versions/A/SecurityHI
0x0000000130059000 	/Library/Java/JavaVirtualMachines/jdk1.8.0_65.jdk/Contents/Home/jre/lib/libprism_es2.dylib
0x00000001300b1000 	/System/Library/Frameworks/OpenGL.framework/Resources/GLEngine.bundle/GLEngine
0x0000000130295000 	/System/Library/Frameworks/OpenGL.framework/Versions/A/Libraries/libGLProgrammability.dylib
0x00000001306c3000 	/System/Library/Extensions/AppleIntelBDWGraphicsGLDriver.bundle/Contents/MacOS/AppleIntelBDWGraphicsGLDriver
0x0000000130e3d000 	/System/Library/PrivateFrameworks/GPUSupport.framework/Versions/A/Libraries/libGPUSupportMercury.dylib
0x0000000130e52000 	/System/Library/Frameworks/OpenGL.framework/Resources//GLRendererFloat.bundle/GLRendererFloat
0x0000000130e86000 	/System/Library/Frameworks/OpenCL.framework/Versions/A/Libraries/libcldcpuengine.dylib
0x0000000130e95000 	/System/Library/PrivateFrameworks/DiskImages.framework/Versions/A/DiskImages
0x0000000130fcc000 	/System/Library/Frameworks/DiscRecording.framework/Versions/A/DiscRecording
0x00000001310f5000 	/usr/lib/libcsfde.dylib
0x000000013110c000 	/usr/lib/libcurl.4.dylib
0x000000013116e000 	/System/Library/PrivateFrameworks/MediaKit.framework/Versions/A/MediaKit
0x00000001311b6000 	/System/Library/PrivateFrameworks/ProtectedCloudStorage.framework/Versions/A/ProtectedCloudStorage
0x0000000131206000 	/usr/lib/libCoreStorage.dylib
0x00000001312be000 	/System/Library/PrivateFrameworks/EFILogin.framework/Versions/A/EFILogin
0x00000001312c7000 	/usr/lib/libutil.dylib
0x00000001312cf000 	/System/Library/Frameworks/LDAP.framework/Versions/A/LDAP
0x0000000131313000 	/usr/lib/libsasl2.2.dylib
0x000000013132e000 	/System/Library/PrivateFrameworks/CoreDaemon.framework/Versions/B/CoreDaemon
0x0000000131344000 	/System/Library/PrivateFrameworks/AppleSRP.framework/Versions/A/AppleSRP
0x0000000131354000 	/System/Library/PrivateFrameworks/APFS.framework/Versions/A/APFS
0x000000013174c000 	/Library/Java/JavaVirtualMachines/jdk1.8.0_65.jdk/Contents/Home/jre/lib/libglass.dylib
0x0000000131c94000 	/System/Library/PrivateFrameworks/CoreServicesInternal.framework/CoreServicesInternal
0x00000001317ab000 	/System/Library/CoreServices/RawCamera.bundle/Contents/MacOS/RawCamera
0x0000000131b18000 	/System/Library/Frameworks/Accelerate.framework/Frameworks/vImage.framework/Versions/A/Libraries/libCGInterfaces.dylib
0x0000000134af5000 	/System/Library/PrivateFrameworks/FamilyControls.framework/Versions/A/FamilyControls
0x0000000134b2b000 	/System/Library/PrivateFrameworks/CommerceKit.framework/Versions/A/Frameworks/CommerceCore.framework/Versions/A/CommerceCore
0x0000000134b45000 	/System/Library/PrivateFrameworks/SystemAdministration.framework/Versions/A/SystemAdministration
0x0000000134b9b000 	/System/Library/PrivateFrameworks/AppContainer.framework/Versions/A/AppContainer
0x0000000134bce000 	/System/Library/PrivateFrameworks/SecCodeWrapper.framework/Versions/A/SecCodeWrapper
0x0000000134bd8000 	/System/Library/Frameworks/DirectoryService.framework/Versions/A/DirectoryService
0x0000000134bed000 	/System/Library/PrivateFrameworks/LoginUIKit.framework/Versions/A/Frameworks/LoginUICore.framework/Versions/A/LoginUICore
0x0000000110bd7000 	/usr/lib/libodfde.dylib
0x0000000134cb0000 	/Library/Java/JavaVirtualMachines/jdk1.8.0_65.jdk/Contents/Home/jre/lib/libjavafx_font.dylib
0x0000000134e5f000 	/System/Library/Frameworks/ApplicationServices.framework/Frameworks/ATS.framework/Resources/libTrueTypeScaler.dylib
0x0000000137d5f000 	/System/Library/Extensions/AppleIntelBDWGraphicsMTLDriver.bundle/Contents/MacOS/AppleIntelBDWGraphicsMTLDriver
0x0000000139c30000 	/System/Library/PrivateFrameworks/ViewBridge.framework/Versions/Current/ViewBridge
0x0000000137249000 	/System/Library/PrivateFrameworks/XPCService.framework/Versions/A/XPCService
0x0000000139d61000 	/System/Library/PrivateFrameworks/AppSandbox.framework/Versions/A/AppSandbox
0x0000000139d7b000 	/usr/lib/libsandbox.1.dylib
0x0000000137d4a000 	/usr/lib/libMatch.1.dylib
0x0000000139bb2000 	/Library/Java/JavaVirtualMachines/jdk1.8.0_65.jdk/Contents/Home/jre/lib/libprism_common.dylib
0x0000000139954000 	/Library/Java/JavaVirtualMachines/jdk1.8.0_65.jdk/Contents/Home/jre/lib/libnio.dylib
0x0000000139964000 	/Library/Java/JavaVirtualMachines/jdk1.8.0_65.jdk/Contents/Home/jre/lib/./libnet.dylib
0x000000013a3ff000 	/Library/Java/JavaVirtualMachines/jdk1.8.0_65.jdk/Contents/Home/jre/lib/libglib-lite.dylib
0x000000013a520000 	/Library/Java/JavaVirtualMachines/jdk1.8.0_65.jdk/Contents/Home/jre/lib/libgstreamer-lite.dylib
0x000000013a698000 	/Library/Java/JavaVirtualMachines/jdk1.8.0_65.jdk/Contents/Home/jre/lib/libjfxmedia.dylib
0x000000013a6d3000 	/Library/Java/JavaVirtualMachines/jdk1.8.0_65.jdk/Contents/Home/jre/lib/libjfxmedia_avf.dylib
0x000000013a708000 	/System/Library/Frameworks/AVFoundation.framework/Versions/A/AVFoundation
0x000000013aab5000 	/System/Library/Frameworks/CoreMedia.framework/Versions/A/CoreMedia
0x000000013f4e8000 	/System/Library/Frameworks/MediaToolbox.framework/Versions/A/MediaToolbox
0x000000013ac30000 	/System/Library/Frameworks/AVFoundation.framework/Versions/A/Frameworks/AVFAudio.framework/Versions/A/AVFAudio
0x000000013b845000 	/System/Library/Frameworks/VideoToolbox.framework/Versions/A/VideoToolbox
0x000000013ad2b000 	/System/Library/PrivateFrameworks/IntlPreferences.framework/Versions/A/IntlPreferences
0x000000013ad4b000 	/System/Library/Frameworks/CoreMediaIO.framework/Versions/A/CoreMediaIO
0x0000000139bc0000 	/usr/lib/libspindump.dylib
0x000000013adbf000 	/usr/lib/libdscsym.dylib
0x000000013adcd000 	/System/Library/PrivateFrameworks/CoreAVCHD.framework/Versions/A/CoreAVCHD
0x000000013ae09000 	/System/Library/Frameworks/MediaAccessibility.framework/Versions/A/MediaAccessibility
0x000000013ae22000 	/System/Library/PrivateFrameworks/Mangrove.framework/Versions/A/Mangrove
0x000000013fd3f000 	/System/Library/PrivateFrameworks/CoreAUC.framework/Versions/A/CoreAUC
0x000000013ae2c000 	/System/Library/PrivateFrameworks/AppleVA.framework/Versions/A/AppleVA
0x000000013ae8a000 	/Library/Java/JavaVirtualMachines/jdk1.8.0_65.jdk/Contents/Home/jre/lib/libjfxmedia_qtkit.dylib
0x000000013bc6f000 	/System/Library/Frameworks/QTKit.framework/Versions/A/QTKit
0x000000013ae97000 	/System/Library/PrivateFrameworks/CoreMediaAuthoring.framework/Versions/A/CoreMediaAuthoring
0x000000013aec6000 	/Library/Java/JavaVirtualMachines/jdk1.8.0_65.jdk/Contents/Home/jre/lib/libfxplugins.dylib
0x000000013aef1000 	/System/Library/Frameworks/VideoDecodeAcceleration.framework/Versions/A/VideoDecodeAcceleration

VM Arguments:
jvm_args: -Dfile.encoding=UTF-8 
java_command: Main
java_class_path (initial): /Users/billyu/Documents/classes/CS-308/game/bin:/Users/billyu/Documents/classes/CS-308/game/images:/Users/billyu/Documents/classes/CS-308/game/sounds
Launcher Type: SUN_STANDARD

Environment Variables:
PATH=/usr/bin:/bin:/usr/sbin:/sbin
SHELL=/bin/bash
DISPLAY=/private/tmp/com.apple.launchd.IJ4rPiXh7q/org.macosforge.xquartz:0

Signal Handlers:
SIGSEGV: [libjvm.dylib+0x5a6d31], sa_mask[0]=11111111011111110111111111111111, sa_flags=SA_ONSTACK|SA_RESTART|SA_SIGINFO
SIGBUS: [libjvm.dylib+0x5a6d31], sa_mask[0]=11111111011111110111111111111111, sa_flags=SA_RESTART|SA_SIGINFO
SIGFPE: [libjvm.dylib+0x480a40], sa_mask[0]=11111111011111110111111111111111, sa_flags=SA_RESTART|SA_SIGINFO
SIGPIPE: [libjvm.dylib+0x480a40], sa_mask[0]=11111111011111110111111111111111, sa_flags=SA_RESTART|SA_SIGINFO
SIGXFSZ: [libjvm.dylib+0x480a40], sa_mask[0]=11111111011111110111111111111111, sa_flags=SA_RESTART|SA_SIGINFO
SIGILL: [libjvm.dylib+0x480a40], sa_mask[0]=11111111011111110111111111111111, sa_flags=SA_RESTART|SA_SIGINFO
SIGUSR1: SIG_DFL, sa_mask[0]=00000000000000000000000000000000, sa_flags=none
SIGUSR2: [libjvm.dylib+0x48055e], sa_mask[0]=00100000000000000000000000000000, sa_flags=SA_RESTART|SA_SIGINFO
SIGHUP: [libjvm.dylib+0x47eb35], sa_mask[0]=11111111011111110111111111111111, sa_flags=SA_RESTART|SA_SIGINFO
SIGINT: [libjvm.dylib+0x47eb35], sa_mask[0]=11111111011111110111111111111111, sa_flags=SA_RESTART|SA_SIGINFO
SIGTERM: [libjvm.dylib+0x47eb35], sa_mask[0]=11111111011111110111111111111111, sa_flags=SA_RESTART|SA_SIGINFO
SIGQUIT: [libjvm.dylib+0x47eb35], sa_mask[0]=11111111011111110111111111111111, sa_flags=SA_RESTART|SA_SIGINFO


---------------  S Y S T E M  ---------------

OS:Bsduname:Darwin 16.0.0 Darwin Kernel Version 16.0.0: Sat Jul  9 23:23:38 PDT 2016; root:xnu-3777.0.0.0.1~27/RELEASE_X86_64 x86_64
rlimit: STACK 8192k, CORE 0k, NPROC 709, NOFILE 10240, AS infinity
load average:1.54 1.59 1.75

CPU:total 4 (2 cores per cpu, 2 threads per core) family 6 model 61 stepping 4, cmov, cx8, fxsr, mmx, sse, sse2, sse3, ssse3, sse4.1, sse4.2, popcnt, avx, avx2, aes, clmul, erms, 3dnowpref, lzcnt, ht, tsc, tscinvbit, bmi1, bmi2, adx

Memory: 4k page, physical 8388608k(20120k free)

/proc/meminfo:


vm_info: Java HotSpot(TM) 64-Bit Server VM (25.65-b01) for bsd-amd64 JRE (1.8.0_65-b17), built on Oct  6 2015 15:36:46 by "java_re" with gcc 4.2.1 (Based on Apple Inc. build 5658) (LLVM build 2336.11.00)

time: Wed Sep  7 16:47:22 2016
elapsed time: 12 seconds (0d 0h 0m 12s)

